<?xml version="1.0" encoding="UTF-8"?>
<!-- Generated by org.testng.reporters.JUnitReportReporter -->
<testsuite hostname="DESKTOP-NDO6H09" failures="0" tests="1" name="AppDemo.Base_class" time="36.670" errors="0" timestamp="2023-07-24T11:24:02 IST" skipped="0">
  <testcase classname="AppDemo.Base_class" name="loginsetup" time="36.670"/>
  <system-out/>
</testsuite> <!-- AppDemo.Base_class -->
